[2016.03.14-17.18.28:990][  0]Log file open, 03/14/16 14:18:28
[2016.03.14-17.18.28:990][  0]LogInit:Display: Running engine for game: soucercontrol
[2016.03.14-17.18.28:990][  0]LogPlatformFile: Not using cached read wrapper
[2016.03.14-17.18.28:990][  0]LogInit:Display: RandInit(-1523419158) SRandInit(-1523419156).
[2016.03.14-17.18.28:990][  0]LogTaskGraph: Started task graph with 4 named threads and 7 total threads.
[2016.03.14-17.18.28:990][  0]LogStats: Stats thread started at 0.079231
[2016.03.14-17.18.28:990][  0]LogInit: Version: 4.10.4-2872498+++depot+UE4-Releases+4.10
[2016.03.14-17.18.28:990][  0]LogInit: API Version: 2758231
[2016.03.14-17.18.28:990][  0]LogInit: Compiled (64-bit): Feb 18 2016 15:47:04
[2016.03.14-17.18.28:990][  0]LogInit: Compiled with Visual C++: 19.00.23026.00
[2016.03.14-17.18.28:990][  0]LogInit: Build Configuration: Development
[2016.03.14-17.18.28:990][  0]LogInit: Branch Name: ++depot+UE4-Releases+4.10
[2016.03.14-17.18.28:990][  0]LogInit: Command line: -EpicPortal 
[2016.03.14-17.18.28:990][  0]LogInit: Base directory: C:/Program Files (x86)/Epic Games/4.10/Engine/Binaries/Win64/
[2016.03.14-17.18.28:990][  0]LogInit: Rocket: 1
[2016.03.14-17.18.28:997][  0]LogInit: Using libcurl 7.41.0
[2016.03.14-17.18.28:997][  0]LogInit:  - built for x86_64-pc-win32
[2016.03.14-17.18.28:997][  0]LogInit:  - supports SSL with WinSSL
[2016.03.14-17.18.28:997][  0]LogInit:  - other features:
[2016.03.14-17.18.28:997][  0]LogInit:      CURL_VERSION_SSL
[2016.03.14-17.18.28:997][  0]LogInit:      CURL_VERSION_IPV6
[2016.03.14-17.18.28:997][  0]LogInit:      CURL_VERSION_ASYNCHDNS
[2016.03.14-17.18.28:997][  0]LogInit:      CURL_VERSION_LARGEFILE
[2016.03.14-17.18.28:997][  0]LogInit:      CURL_VERSION_IDN
[2016.03.14-17.18.28:997][  0]LogInit:  CurlRequestOptions (configurable via config and command line):
[2016.03.14-17.18.28:997][  0]LogInit:  - bVerifyPeer = true  - Libcurl will verify peer certificate
[2016.03.14-17.18.28:997][  0]LogInit:  - bUseHttpProxy = false  - Libcurl will NOT use HTTP proxy
[2016.03.14-17.18.28:997][  0]LogInit:  - bDontReuseConnections = false  - Libcurl will reuse connections
[2016.03.14-17.18.28:997][  0]LogInit:  - CertBundlePath = nullptr  - Libcurl will use whatever was configured at build time.
[2016.03.14-17.18.29:004][  0]LogInit: Presizing for 0 objects not considered by GC, pre-allocating 0 bytes.
[2016.03.14-17.18.29:009][  0]LogInit: Object subsystem initialized
[2016.03.14-17.18.29:011][  0]LogInit: Selected Device Profile: [Windows]
[2016.03.14-17.18.29:011][  0]LogInit: Applying CVar settings loaded from the selected device profile: [Windows]
[2016.03.14-17.18.29:016][  0]LogInit: Computer: A-19
[2016.03.14-17.18.29:016][  0]LogInit: User: newgame
[2016.03.14-17.18.29:016][  0]LogInit: CPU Page size=4096, Cores=4
[2016.03.14-17.18.29:016][  0]LogInit: High frequency timer resolution =3.507507 MHz
[2016.03.14-17.18.29:016][  0]LogMemory: Memory total: Physical=31.9GB (32GB approx)
[2016.03.14-17.18.29:016][  0]LogMemory: Platform Memory Stats for Windows
[2016.03.14-17.18.29:016][  0]LogMemory: Process Physical Memory: 55.79 MB used, 55.79 MB peak
[2016.03.14-17.18.29:016][  0]LogMemory: Process Virtual Memory: 54.68 MB used, 54.68 MB peak
[2016.03.14-17.18.29:016][  0]LogMemory: Physical Memory: 5198.42 MB used, 32673.61 MB total
[2016.03.14-17.18.29:016][  0]LogMemory: Virtual Memory: 369.40 MB used, 134217728.00 MB total
[2016.03.14-17.18.29:320][  0]LogD3D11RHI: Found D3D11 adapter 0: NVIDIA GeForce GTX 750 Ti (Feature Level 11_0)
[2016.03.14-17.18.29:321][  0]LogD3D11RHI: Adapter has 1992MB of dedicated video memory, 0MB of dedicated system memory, and 16336MB of shared system memory, 1 output[s]
[2016.03.14-17.18.29:322][  0]LogD3D11RHI: Found D3D11 adapter 1: Microsoft Basic Render Driver (Feature Level 11_0)
[2016.03.14-17.18.29:322][  0]LogD3D11RHI: Adapter has 0MB of dedicated video memory, 0MB of dedicated system memory, and 16336MB of shared system memory, 0 output[s]
[2016.03.14-17.18.29:322][  0]LogD3D11RHI: Chosen D3D11 Adapter Id = 0
[2016.03.14-17.18.29:325][  0]LogD3D11RHI: !Direct3DDevice
[2016.03.14-17.18.29:325][  0]LogRHI: Texture pool is 1361 MB (70% of 1945 MB)
[2016.03.14-17.18.29:342][  0]LogD3D11RHI: Async texture creation enabled
[2016.03.14-17.18.29:358][  0]LogShaderCompilers: Guid format shader working directory is -4 characters bigger than the processId version (../../../../../../Users/new.game/Desktop/soucercontrol/Intermediate/Shaders/WorkingDirectory/9236/).
[2016.03.14-17.18.29:358][  0]LogShaderCompilers: Cleaned the shader compiler working directory 'C:/Users/NEW~1.GAM/AppData/Local/Temp/UnrealShaderWorkingDir/999AFD784BA37F0329BB9EB28761C61A/'.
[2016.03.14-17.18.29:358][  0]LogShaderCompilers:Display: Using Local Shader Compiler.
[2016.03.14-17.18.30:110][  0]LogTemp:Display: Loaded TP AllDesktopTargetPlatform
[2016.03.14-17.18.30:115][  0]LogTemp:Display: Loaded TP WindowsClientTargetPlatform
[2016.03.14-17.18.30:120][  0]LogTemp:Display: Loaded TP WindowsNoEditorTargetPlatform
[2016.03.14-17.18.30:125][  0]LogTemp:Display: Loaded TP WindowsServerTargetPlatform
[2016.03.14-17.18.30:130][  0]LogTemp:Display: Loaded TP WindowsTargetPlatform
[2016.03.14-17.18.30:133][  0]LogTemp:Display: Loaded TP AndroidTargetPlatform
[2016.03.14-17.18.30:135][  0]LogTemp:Display: Loaded TP Android_ASTCTargetPlatform
[2016.03.14-17.18.30:138][  0]LogTemp:Display: Loaded TP Android_ATCTargetPlatform
[2016.03.14-17.18.30:141][  0]LogTemp:Display: Loaded TP Android_DXTTargetPlatform
[2016.03.14-17.18.30:143][  0]LogTemp:Display: Loaded TP Android_ETC1TargetPlatform
[2016.03.14-17.18.30:146][  0]LogTemp:Display: Loaded TP Android_ETC2TargetPlatform
[2016.03.14-17.18.30:152][  0]LogTemp:Display: Loaded TP Android_MultiTargetPlatform
[2016.03.14-17.18.30:152][  0]LogTemp:Display: Loaded TP Android_PVRTCTargetPlatform
[2016.03.14-17.18.30:153][  0]LogTemp:Display: Loaded TP HTML5TargetPlatform
[2016.03.14-17.18.30:170][  0]LogTemp:Display: Loaded TP IOSTargetPlatform
[2016.03.14-17.18.30:172][  0]LogTemp:Display: Loaded TP LinuxNoEditorTargetPlatform
[2016.03.14-17.18.30:175][  0]LogTemp:Display: Loaded TP LinuxServerTargetPlatform
[2016.03.14-17.18.30:177][  0]LogTemp:Display: Loaded TP LinuxTargetPlatform
[2016.03.14-17.18.30:177][  0]LogTargetPlatformManager:Display: Building Assets For Windows
[2016.03.14-17.18.30:266][  0]LogDerivedDataCache:Display: Max Cache Size: 512 MB
[2016.03.14-17.18.30:304][  0]LogDerivedDataCache: Loaded boot cache 0.04s 46MB C:/Users/new.game/AppData/Local/UnrealEngine/4.10/DerivedDataCache/Boot.ddc.
[2016.03.14-17.18.30:304][  0]LogDerivedDataCache:Display: Loaded Boot cache: C:/Users/new.game/AppData/Local/UnrealEngine/4.10/DerivedDataCache/Boot.ddc
[2016.03.14-17.18.30:305][  0]LogDerivedDataCache: FDerivedDataBackendGraph:  Pak pak cache file ../../../../../../Users/new.game/Desktop/soucercontrol/DerivedDataCache/DDC.ddp not found, will not use a pak cache.
[2016.03.14-17.18.30:305][  0]LogDerivedDataCache: Unable to find inner node Pak for hierarchical cache Hierarchy.
[2016.03.14-17.18.30:305][  0]LogDerivedDataCache: FDerivedDataBackendGraph:  CompressedPak pak cache file ../../../../../../Users/new.game/Desktop/soucercontrol/DerivedDataCache/Compressed.ddp not found, will not use a pak cache.
[2016.03.14-17.18.30:305][  0]LogDerivedDataCache: Unable to find inner node CompressedPak for hierarchical cache Hierarchy.
[2016.03.14-17.18.30:350][  0]LogDerivedDataCache:Display: Pak cache opened for reading ../../../Engine/DerivedDataCache/Compressed.ddp.
[2016.03.14-17.18.30:362][  0]LogDerivedDataCache: Using Local data cache path C:/Users/new.game/AppData/Local/UnrealEngine/Common/DerivedDataCache: Writable
[2016.03.14-17.18.30:519][  0]LogInit: Selected Device Profile: [Windows]
[2016.03.14-17.18.30:521][  0]LogContentStreaming: Texture pool size is 0.000000MB
[2016.03.14-17.18.30:608][  0]LogMeshUtilities: No automatic mesh reduction module available
[2016.03.14-17.18.30:608][  0]LogMeshUtilities: No automatic mesh merging module available
[2016.03.14-17.18.30:783][  0]LogInit: WinSock: version 1.1 (2.2), MaxSocks=32767, MaxUdp=65467
[2016.03.14-17.18.31:590][  0]UdpMessaging: Initializing bridge on interface 0.0.0.0:0 to multicast group 230.0.0.1:6666.
[2016.03.14-17.18.31:707][  0]LogAssetRegistry: FAssetRegistry took 0.0112 seconds to start up
[2016.03.14-17.18.31:867][  0]SourceControl: Informações Controle de origem desativado
[2016.03.14-17.18.31:869][  0]SourceControl: Informações Controle de origem desativado
[2016.03.14-17.18.31:884][  0]SourceControl: Informações Controle de origem desativado
[2016.03.14-17.18.31:900][  0]SourceControl: Informações Controle de origem desativado
[2016.03.14-17.18.32:250][  0]LogObj: 28633 objects as part of root set at end of initial load.
[2016.03.14-17.18.32:250][  0]LogUObjectAllocator: 6099744 out of 0 bytes used by permanent object pool.
[2016.03.14-17.18.32:299][  0]LogEngine: Initializing Engine...
[2016.03.14-17.18.32:302][  0]LogHMD: Can't find Oculus library dev build: is proper Runtime installed? Version: 0.8.0.0
[2016.03.14-17.18.32:302][  0]LogHMD: SteamVR failed to initialize.  Err: 110
[2016.03.14-17.18.32:393][  0]LogAIModule: Creating AISystem for world NewWorld
[2016.03.14-17.18.32:400][  0]LogInit: XAudio2 using 'Alto-falantes (Realtek High Definition Audio)' : 2 channels at 48 kHz using 32 bits per sample (channel mask 0x3)
[2016.03.14-17.18.32:421][  0]LogInit: FAudioDevice initialized.
[2016.03.14-17.18.32:442][  0]LogDerivedDataCache: Saved boot cache 0.02s 46MB C:/Users/new.game/AppData/Local/UnrealEngine/4.10/DerivedDataCache/Boot.ddc.
[2016.03.14-17.18.32:445][  0]LogInit: Texture streaming: Enabled
[2016.03.14-17.18.32:451][  0]LogAnalytics: Creating configured Analytics provider AnalyticsET
[2016.03.14-17.18.32:451][  0]LogAnalytics: [UEEditor.Rocket.Release] APIServer = http://et2.epicgames.com/ET2/. AppVersion = 4.10.4-2872498+++depot+UE4-Releases+4.10
[2016.03.14-17.18.32:451][  0]LogAnalytics: [UEEditor.Rocket.Release] SetUserId a089a0f346ec63002c913686bafabf80|7578548398224bc0bbcfabc064df0ed0|10da85ad-992e-4eaa-b6b5-49513a2c2b24
[2016.03.14-17.18.32:451][  0]LogAnalytics: [UEEditor.Rocket.Release] AnalyticsET::StartSession
[2016.03.14-17.18.32:459][  0]LogInit: Transaction tracking system initialized
[2016.03.14-17.18.32:490][  0]BlueprintLog: New page: Carregar Editor
[2016.03.14-17.18.32:799][  0]LocalizationService: Informações Localization service is disabled
[2016.03.14-17.18.32:930][  0]LogConsoleResponse:Display: 
[2016.03.14-17.18.33:029][  0]LogFileCache: Scanning file cache for directory 'C:/Users/new.game/Desktop/soucercontrol/Content/' took 0.01s
[2016.03.14-17.18.33:029][  0]LogCook:Display: Done creating registry. It took  0.00s.
[2016.03.14-17.18.33:099][  0]SourceControl: Informações Controle de origem desativado
[2016.03.14-17.18.33:099][  0]Cmd: MAP LOAD FILE="../../../Engine/Content/Maps/Templates/Template_Default.umap" TEMPLATE=1 SHOWPROGRESS=1 FEATURELEVEL=3
[2016.03.14-17.18.33:100][  0]LightingResults: New page: Compilação de Iluminação
[2016.03.14-17.18.33:105][  0]MapCheck: New page: Verificação de Mapa
[2016.03.14-17.18.33:105][  0]LightingResults: New page: Compilação de Iluminação
[2016.03.14-17.18.33:113][  0]LogParticles: Destroying 0 GPU particle simulations for FXSystem 0x000002C6CFBF7420
[2016.03.14-17.18.33:406][  0]LogAIModule: Creating AISystem for world Untitled_1
[2016.03.14-17.18.33:411][  0]LogEditorServer: Finished looking for orphan Actors (0.000 secs)
[2016.03.14-17.18.33:415][  0]Cmd: MAP CHECKDEP NOCLEARLOG
[2016.03.14-17.18.33:481][  0]MapCheck: Informações Map check complete: 0 Error(s), 0 Warning(s), took 65,996ms to complete.
[2016.03.14-17.18.33:481][  0]LogFileHelpers: Loading map 'Template_Default' took 0.382
[2016.03.14-17.18.33:567][  0]LogCollectionManager: Loaded 0 collections in 0.002909 seconds
[2016.03.14-17.18.33:613][  0]LogFileCache: Scanning file cache for directory 'C:/Users/new.game/Desktop/soucercontrol/Saved/Collections/' took 0.01s
[2016.03.14